\BOOKMARK [0][]{chapter.1}{\376\377\0001\000\040\000I\000n\000t\000r\000o\000d\000u\000c\000t\000i\000o\000n}{}% 1
\BOOKMARK [1][]{section.1.1}{\376\377\0001\000.\0001\000\040\000C\000o\000n\000t\000e\000x\000t\000\040\000a\000n\000d\000\040\000m\000o\000t\000i\000v\000a\000t\000i\000o\000n}{chapter.1}% 2
\BOOKMARK [2][]{subsection.1.1.1}{\376\377\0001\000.\0001\000.\0001\000\040\000N\000e\000u\000r\000a\000l\000\040\000n\000e\000t\000w\000o\000r\000k\000s\000\040\000v\000e\000r\000i\000f\000i\000c\000a\000t\000i\000o\000n}{section.1.1}% 3
\BOOKMARK [0][]{chapter.2}{\376\377\0002\000\040\000B\000a\000c\000k\000g\000r\000o\000u\000n\000d}{}% 4
\BOOKMARK [1][]{section.2.1}{\376\377\0002\000.\0001\000\040\000N\000e\000u\000r\000a\000l\000\040\000N\000e\000t\000w\000o\000r\000k\000s}{chapter.2}% 5
\BOOKMARK [-1][]{part.1}{\376\377\000I\000\040\000V\000e\000r\000i\000f\000i\000c\000a\000t\000i\000o\000n\000\040\000o\000f\000\040\000N\000e\000u\000r\000a\000l\000\040\000N\000e\000t\000w\000o\000r\000k\000s}{}% 6
\BOOKMARK [0][]{chapter.3}{\376\377\0003\000\040\000A\000b\000s\000t\000r\000a\000c\000t\000i\000o\000n\000\040\000a\000l\000g\000o\000r\000i\000t\000h\000m\000s}{part.1}% 7
\BOOKMARK [1][]{section.3.1}{\376\377\0003\000.\0001\000\040\000B\000a\000s\000i\000c\000\040\000a\000b\000s\000t\000r\000a\000c\000t\000i\000o\000n\000\040\000d\000e\000f\000i\000n\000i\000t\000i\000o\000n\000s}{chapter.3}% 8
\BOOKMARK [1][]{section.3.2}{\376\377\0003\000.\0002\000\040\000R\000e\000L\000U\000\040\000a\000b\000s\000t\000r\000a\000c\000t\000i\000o\000n\000\040\000a\000l\000g\000o\000r\000i\000t\000h\000m\000s}{chapter.3}% 9
\BOOKMARK [2][]{subsection.3.2.1}{\376\377\0003\000.\0002\000.\0001\000\040\000E\000x\000a\000c\000t\000\040\000a\000b\000s\000t\000r\000a\000c\000t\000\040\000p\000r\000o\000p\000a\000g\000a\000t\000i\000o\000n}{section.3.2}% 10
\BOOKMARK [2][]{subsection.3.2.2}{\376\377\0003\000.\0002\000.\0002\000\040\000O\000v\000e\000r\000-\000a\000p\000p\000r\000o\000x\000i\000m\000a\000t\000e\000\040\000a\000b\000s\000t\000r\000a\000c\000t\000\040\000p\000r\000o\000p\000a\000g\000a\000t\000i\000o\000n}{section.3.2}% 11
\BOOKMARK [2][]{subsection.3.2.3}{\376\377\0003\000.\0002\000.\0003\000\040\000M\000i\000x\000e\000d\000\040\000a\000b\000s\000t\000r\000a\000c\000t\000\040\000p\000r\000o\000p\000a\000g\000a\000t\000i\000o\000n}{section.3.2}% 12
\BOOKMARK [-1][]{part.2}{\376\377\000I\000I\000\040\000B\000o\000u\000n\000d\000\040\000P\000r\000o\000p\000a\000g\000a\000t\000i\000o\000n}{}% 13
\BOOKMARK [0][]{chapter.4}{\376\377\0004\000\040\000B\000o\000u\000n\000d\000\040\000P\000r\000o\000p\000a\000g\000a\000t\000i\000o\000n\000\040\000I\000n\000t\000r\000o\000d\000u\000c\000t\000i\000o\000n}{part.2}% 14
\BOOKMARK [1][]{section.4.1}{\376\377\0004\000.\0001\000\040\000B\000o\000u\000n\000d\000\040\000p\000r\000o\000p\000a\000g\000a\000t\000i\000o\000n\000\040\000t\000y\000p\000e\000s}{chapter.4}% 15
\BOOKMARK [2][]{subsection.4.1.1}{\376\377\0004\000.\0001\000.\0001\000\040\000N\000a\000i\000v\000e\000\040\000P\000r\000o\000p\000a\000g\000a\000t\000i\000o\000n}{section.4.1}% 16
\BOOKMARK [2][]{subsection.4.1.2}{\376\377\0004\000.\0001\000.\0002\000\040\000S\000y\000m\000b\000o\000l\000i\000c\000\040\000I\000n\000t\000e\000r\000v\000a\000l\000\040\000P\000r\000o\000p\000a\000g\000a\000t\000i\000o\000n}{section.4.1}% 17
\BOOKMARK [2][]{subsection.4.1.3}{\376\377\0004\000.\0001\000.\0003\000\040\000I\000t\000e\000r\000a\000t\000i\000v\000e\000\040\000R\000e\000f\000i\000n\000e\000m\000e\000n\000t\000\040\000P\000r\000o\000p\000a\000g\000a\000t\000i\000o\000n}{section.4.1}% 18
\BOOKMARK [1][]{section.4.2}{\376\377\0004\000.\0002\000\040\000R\000e\000L\000U\000'\000s\000\040\000O\000v\000e\000r\000-\000a\000p\000p\000r\000o\000x\000i\000m\000a\000t\000i\000o\000n}{chapter.4}% 19
\BOOKMARK [2][]{subsection.4.2.1}{\376\377\0004\000.\0002\000.\0001\000\040\000A\000p\000p\000l\000i\000c\000a\000t\000i\000o\000n\000\040\000o\000f\000\040\000R\000e\000L\000U\000\040\000a\000p\000p\000r\000o\000x\000i\000m\000a\000t\000i\000o\000n\000\040\000t\000o\000\040\000b\000o\000u\000n\000d\000\040\000p\000r\000o\000p\000a\000g\000a\000t\000i\000o\000n}{section.4.2}% 20
\BOOKMARK [2][]{subsection.4.2.2}{\376\377\0004\000.\0002\000.\0002\000\040\000D\000e\000t\000a\000i\000l\000e\000d\000\040\000S\000t\000u\000d\000y\000\040\000o\000f\000\040\000S\000y\000m\000b\000o\000l\000i\000c\000\040\000L\000i\000n\000e\000a\000r\000\040\000R\000e\000l\000a\000x\000a\000t\000i\000o\000n\000\040\000o\000f\000\040\000R\000e\000L\000U}{section.4.2}% 21
\BOOKMARK [1][]{section.4.3}{\376\377\0004\000.\0003\000\040\000B\000o\000u\000n\000d\000\040\000P\000r\000o\000p\000a\000g\000a\000t\000i\000o\000n\000\040\000a\000p\000p\000l\000i\000e\000d\000\040\000t\000o\000\040\000P\000y\000N\000e\000V\000e\000r}{chapter.4}% 22
\BOOKMARK [2][]{subsection.4.3.1}{\376\377\0004\000.\0003\000.\0001\000\040\000R\000e\000a\000l\000\040\000b\000o\000u\000n\000d\000s\000\040\000a\000n\000d\000\040\000e\000x\000t\000i\000m\000a\000t\000e\000d\000\040\000b\000o\000u\000n\000d\000s\000\040\000w\000i\000t\000h\000\040\000b\000o\000u\000n\000d\000\040\000p\000r\000o\000p\000a\000g\000a\000t\000i\000o\000n\000:\000\040\000a\000l\000l\000\040\000s\000c\000e\000n\000a\000r\000i\000o\000s}{section.4.3}% 23
\BOOKMARK [2][]{subsection.4.3.2}{\376\377\0004\000.\0003\000.\0002\000\040\000O\000p\000t\000i\000m\000i\000z\000e\000d\000\040\000v\000e\000r\000s\000i\000o\000n\000\040\000o\000f\000\040\000P\000y\000N\000e\000V\000e\000r\000\040\000w\000i\000t\000h\000\040\000B\000o\000u\000n\000d\000\040\000P\000r\000o\000p\000a\000g\000a\000t\000i\000o\000n}{section.4.3}% 24
\BOOKMARK [2][]{subsection.4.3.3}{\376\377\0004\000.\0003\000.\0003\000\040\000P\000y\000n\000e\000v\000e\000r\000\040\000C\000o\000m\000p\000l\000e\000t\000e\000\040\000V\000e\000r\000i\000f\000i\000c\000a\000t\000i\000o\000n\000\040\000E\000x\000a\000m\000p\000l\000e}{section.4.3}% 25
\BOOKMARK [0][]{chapter.5}{\376\377\0005\000\040\000B\000o\000u\000n\000d\000\040\000P\000r\000o\000p\000a\000g\000a\000t\000i\000o\000n\000\040\000P\000s\000e\000u\000d\000o\000c\000o\000d\000e}{part.2}% 26
\BOOKMARK [1][]{section.5.1}{\376\377\0005\000.\0001\000\040\000B\000o\000u\000n\000d\000\040\000P\000r\000o\000p\000a\000g\000a\000t\000i\000o\000n\000\040\000P\000s\000e\000u\000d\000o\000c\000o\000d\000e}{chapter.5}% 27
\BOOKMARK [2][]{subsection.5.1.1}{\376\377\0005\000.\0001\000.\0001\000\040\000P\000s\000e\000u\000d\000o\000c\000o\000d\000e\000\040\000e\000x\000p\000l\000a\000n\000a\000t\000i\000o\000n}{section.5.1}% 28
\BOOKMARK [1][]{section.5.2}{\376\377\0005\000.\0002\000\040\000T\000e\000s\000t\000i\000n\000g\000\040\000a\000n\000d\000\040\000v\000a\000l\000i\000d\000a\000t\000i\000o\000n\000\040\000o\000f\000\040\000b\000o\000u\000n\000d\000\040\000p\000r\000o\000p\000a\000g\000a\000t\000i\000o\000n}{chapter.5}% 29
\BOOKMARK [2][]{subsection.5.2.1}{\376\377\0005\000.\0002\000.\0001\000\040\000T\000e\000s\000t\000\040\000p\000l\000a\000t\000f\000o\000r\000m}{section.5.2}% 30
\BOOKMARK [2][]{subsection.5.2.2}{\376\377\0005\000.\0002\000.\0002\000\040\000B\000r\000i\000e\000f\000\040\000i\000n\000t\000r\000o\000d\000u\000c\000t\000i\000o\000n\000\040\000t\000o\000\040\000t\000h\000e\000\040\000n\000e\000u\000r\000a\000l\000\040\000n\000e\000t\000w\000o\000r\000k\000s\000\040\000u\000s\000e\000d\000\040\000f\000o\000r\000\040\000t\000e\000s\000t\000i\000n\000g}{section.5.2}% 31
\BOOKMARK [2][]{subsection.5.2.3}{\376\377\0005\000.\0002\000.\0003\000\040\000V\000a\000l\000i\000d\000a\000t\000i\000o\000n\000\040\000t\000e\000s\000t\000\040\000a\000n\000d\000\040\000r\000e\000s\000u\000l\000t\000s}{section.5.2}% 32
\BOOKMARK [2][]{subsection.5.2.4}{\376\377\0005\000.\0002\000.\0004\000\040\000T\000i\000m\000e\000/\000M\000e\000m\000o\000r\000y\000\040\000u\000s\000a\000g\000e\000\040\000t\000e\000s\000t}{section.5.2}% 33
\BOOKMARK [2][]{subsection.5.2.5}{\376\377\0005\000.\0002\000.\0005\000\040\000P\000r\000o\000b\000l\000e\000m\000s\000\040\000f\000o\000u\000n\000d}{section.5.2}% 34
\BOOKMARK [0][]{chapter*.30}{\376\377\000R\000e\000f\000e\000r\000e\000n\000c\000e\000s}{part.2}% 35
